[0.446s] DEBUG:colcon:Command line arguments: ['/usr/bin/colcon', 'build', '--packages-select', 'sistema_solar']
[0.447s] DEBUG:colcon:Parsed command line arguments: Namespace(log_base=None, log_level=None, verb_name='build', build_base='build', install_base='install', merge_install=False, symlink_install=False, test_result_base=None, continue_on_error=False, executor='parallel', parallel_workers=12, event_handlers=None, ignore_user_meta=False, metas=['./colcon.meta'], base_paths=['.'], packages_ignore=None, packages_ignore_regex=None, paths=None, packages_up_to=None, packages_up_to_regex=None, packages_above=None, packages_above_and_dependencies=None, packages_above_depth=None, packages_select_by_dep=None, packages_skip_by_dep=None, packages_skip_up_to=None, packages_select_build_failed=False, packages_skip_build_finished=False, packages_select_test_failures=False, packages_skip_test_passed=False, packages_select=['sistema_solar'], packages_skip=None, packages_select_regex=None, packages_skip_regex=None, packages_start=None, packages_end=None, cmake_args=None, cmake_target=None, cmake_target_skip_unavailable=False, cmake_clean_cache=False, cmake_clean_first=False, cmake_force_configure=False, ament_cmake_args=None, catkin_cmake_args=None, catkin_skip_building_tests=False, mixin_files=None, mixin=None, verb_parser=<colcon_mixin.mixin.mixin_argument.MixinArgumentDecorator object at 0x7f440fe09300>, verb_extension=<colcon_core.verb.build.BuildVerb object at 0x7f44105e80a0>, main=<bound method BuildVerb.main of <colcon_core.verb.build.BuildVerb object at 0x7f44105e80a0>>, mixin_verb=('build',))
[0.512s] Level 1:colcon.colcon_core.package_discovery:discover_packages(colcon_meta) check parameters
[0.514s] INFO:colcon.colcon_metadata.package_discovery.colcon_meta:Using configuration from '/root/.colcon/metadata/default/Gazebo.meta'
[0.514s] INFO:colcon.colcon_metadata.package_discovery.colcon_meta:Using configuration from '/root/.colcon/metadata/default/fastrtps.meta'
[0.515s] Level 1:colcon.colcon_core.package_discovery:discover_packages(recursive) check parameters
[0.515s] Level 1:colcon.colcon_core.package_discovery:discover_packages(ignore) check parameters
[0.515s] Level 1:colcon.colcon_core.package_discovery:discover_packages(path) check parameters
[0.515s] Level 1:colcon.colcon_core.package_discovery:discover_packages(colcon_meta) discover
[0.515s] Level 1:colcon.colcon_core.package_discovery:discover_packages(recursive) discover
[0.515s] INFO:colcon.colcon_core.package_discovery:Crawling recursively for packages in '/root/sistema_solar_ws/src/sistema_solar'
[0.515s] Level 1:colcon.colcon_core.package_identification:_identify(.) by extensions ['ignore', 'ignore_ament_install']
[0.515s] Level 1:colcon.colcon_core.package_identification:_identify(.) by extension 'ignore'
[0.515s] Level 1:colcon.colcon_core.package_identification:_identify(.) by extension 'ignore_ament_install'
[0.515s] Level 1:colcon.colcon_core.package_identification:_identify(.) by extensions ['colcon_pkg']
[0.515s] Level 1:colcon.colcon_core.package_identification:_identify(.) by extension 'colcon_pkg'
[0.515s] Level 1:colcon.colcon_core.package_identification:_identify(.) by extensions ['colcon_meta']
[0.515s] Level 1:colcon.colcon_core.package_identification:_identify(.) by extension 'colcon_meta'
[0.515s] Level 1:colcon.colcon_core.package_identification:_identify(.) by extensions ['ros']
[0.515s] Level 1:colcon.colcon_core.package_identification:_identify(.) by extension 'ros'
[0.547s] DEBUG:colcon.colcon_core.package_identification:Package '.' with type 'ros.ament_cmake' and name 'sistema_solar'
[0.547s] Level 1:colcon.colcon_core.package_discovery:discover_packages(recursive) using defaults
[0.547s] Level 1:colcon.colcon_core.package_discovery:discover_packages(ignore) discover
[0.547s] Level 1:colcon.colcon_core.package_discovery:discover_packages(ignore) using defaults
[0.547s] Level 1:colcon.colcon_core.package_discovery:discover_packages(path) discover
[0.547s] Level 1:colcon.colcon_core.package_discovery:discover_packages(path) using defaults
[0.588s] Level 5:colcon.colcon_core.verb:set package 'sistema_solar' build argument 'cmake_args' from command line to 'None'
[0.588s] Level 5:colcon.colcon_core.verb:set package 'sistema_solar' build argument 'cmake_target' from command line to 'None'
[0.588s] Level 5:colcon.colcon_core.verb:set package 'sistema_solar' build argument 'cmake_target_skip_unavailable' from command line to 'False'
[0.588s] Level 5:colcon.colcon_core.verb:set package 'sistema_solar' build argument 'cmake_clean_cache' from command line to 'False'
[0.588s] Level 5:colcon.colcon_core.verb:set package 'sistema_solar' build argument 'cmake_clean_first' from command line to 'False'
[0.588s] Level 5:colcon.colcon_core.verb:set package 'sistema_solar' build argument 'cmake_force_configure' from command line to 'False'
[0.588s] Level 5:colcon.colcon_core.verb:set package 'sistema_solar' build argument 'ament_cmake_args' from command line to 'None'
[0.588s] Level 5:colcon.colcon_core.verb:set package 'sistema_solar' build argument 'catkin_cmake_args' from command line to 'None'
[0.588s] Level 5:colcon.colcon_core.verb:set package 'sistema_solar' build argument 'catkin_skip_building_tests' from command line to 'False'
[0.588s] DEBUG:colcon.colcon_core.verb:Building package 'sistema_solar' with the following arguments: {'ament_cmake_args': None, 'build_base': '/root/sistema_solar_ws/src/sistema_solar/build/sistema_solar', 'catkin_cmake_args': None, 'catkin_skip_building_tests': False, 'cmake_args': None, 'cmake_clean_cache': False, 'cmake_clean_first': False, 'cmake_force_configure': False, 'cmake_target': None, 'cmake_target_skip_unavailable': False, 'install_base': '/root/sistema_solar_ws/src/sistema_solar/install/sistema_solar', 'merge_install': False, 'path': '/root/sistema_solar_ws/src/sistema_solar', 'symlink_install': False, 'test_result_base': None}
[0.589s] INFO:colcon.colcon_core.executor:Executing jobs using 'parallel' executor
[0.594s] DEBUG:colcon.colcon_parallel_executor.executor.parallel:run_until_complete
[0.595s] INFO:colcon.colcon_ros.task.ament_cmake.build:Building ROS package in '/root/sistema_solar_ws/src/sistema_solar' with build type 'ament_cmake'
[0.595s] INFO:colcon.colcon_cmake.task.cmake.build:Building CMake package in '/root/sistema_solar_ws/src/sistema_solar'
[0.605s] INFO:colcon.colcon_core.plugin_system:Skipping extension 'colcon_core.shell.bat': Not used on non-Windows systems
[0.605s] INFO:colcon.colcon_core.shell:Skip shell extension 'powershell' for command environment: Not usable outside of PowerShell
[0.606s] DEBUG:colcon.colcon_core.shell:Skip shell extension 'dsv' for command environment
[0.667s] DEBUG:colcon.colcon_core.event_handler.log_command:Invoking command in '/root/sistema_solar_ws/src/sistema_solar/build/sistema_solar': CMAKE_PREFIX_PATH=${CMAKE_PREFIX_PATH}:/root/catkin_ws/install/ardupilot_dds_tests:/opt/ros/humble /usr/bin/cmake /root/sistema_solar_ws/src/sistema_solar -DCMAKE_INSTALL_PREFIX=/root/sistema_solar_ws/src/sistema_solar/install/sistema_solar
[1.982s] DEBUG:colcon.colcon_core.event_handler.log_command:Invoked command in '/root/sistema_solar_ws/src/sistema_solar/build/sistema_solar' returned '0': CMAKE_PREFIX_PATH=${CMAKE_PREFIX_PATH}:/root/catkin_ws/install/ardupilot_dds_tests:/opt/ros/humble /usr/bin/cmake /root/sistema_solar_ws/src/sistema_solar -DCMAKE_INSTALL_PREFIX=/root/sistema_solar_ws/src/sistema_solar/install/sistema_solar
[1.983s] DEBUG:colcon.colcon_core.event_handler.log_command:Invoking command in '/root/sistema_solar_ws/src/sistema_solar/build/sistema_solar': CMAKE_PREFIX_PATH=${CMAKE_PREFIX_PATH}:/root/catkin_ws/install/ardupilot_dds_tests:/opt/ros/humble /usr/bin/cmake --build /root/sistema_solar_ws/src/sistema_solar/build/sistema_solar -- -j12 -l12
[2.038s] DEBUG:colcon.colcon_core.event_handler.log_command:Invoked command in '/root/sistema_solar_ws/src/sistema_solar/build/sistema_solar' returned '0': CMAKE_PREFIX_PATH=${CMAKE_PREFIX_PATH}:/root/catkin_ws/install/ardupilot_dds_tests:/opt/ros/humble /usr/bin/cmake --build /root/sistema_solar_ws/src/sistema_solar/build/sistema_solar -- -j12 -l12
[2.071s] DEBUG:colcon.colcon_core.event_handler.log_command:Invoking command in '/root/sistema_solar_ws/src/sistema_solar/build/sistema_solar': CMAKE_PREFIX_PATH=${CMAKE_PREFIX_PATH}:/root/catkin_ws/install/ardupilot_dds_tests:/opt/ros/humble /usr/bin/cmake --install /root/sistema_solar_ws/src/sistema_solar/build/sistema_solar
[2.099s] Level 1:colcon.colcon_core.environment:create_environment_scripts_only(sistema_solar)
[2.100s] DEBUG:colcon.colcon_core.event_handler.log_command:Invoked command in '/root/sistema_solar_ws/src/sistema_solar/build/sistema_solar' returned '0': CMAKE_PREFIX_PATH=${CMAKE_PREFIX_PATH}:/root/catkin_ws/install/ardupilot_dds_tests:/opt/ros/humble /usr/bin/cmake --install /root/sistema_solar_ws/src/sistema_solar/build/sistema_solar
[2.109s] Level 1:colcon.colcon_core.environment:checking '/root/sistema_solar_ws/src/sistema_solar/install/sistema_solar' for CMake module files
[2.109s] Level 1:colcon.colcon_core.environment:checking '/root/sistema_solar_ws/src/sistema_solar/install/sistema_solar' for CMake config files
[2.110s] Level 1:colcon.colcon_core.shell:create_environment_hook('sistema_solar', 'cmake_prefix_path')
[2.111s] INFO:colcon.colcon_core.shell:Creating environment hook '/root/sistema_solar_ws/src/sistema_solar/install/sistema_solar/share/sistema_solar/hook/cmake_prefix_path.ps1'
[2.114s] INFO:colcon.colcon_core.shell:Creating environment descriptor '/root/sistema_solar_ws/src/sistema_solar/install/sistema_solar/share/sistema_solar/hook/cmake_prefix_path.dsv'
[2.115s] INFO:colcon.colcon_core.shell:Creating environment hook '/root/sistema_solar_ws/src/sistema_solar/install/sistema_solar/share/sistema_solar/hook/cmake_prefix_path.sh'
[2.118s] Level 1:colcon.colcon_core.environment:checking '/root/sistema_solar_ws/src/sistema_solar/install/sistema_solar/bin'
[2.120s] Level 1:colcon.colcon_core.environment:checking '/root/sistema_solar_ws/src/sistema_solar/install/sistema_solar/lib/pkgconfig/sistema_solar.pc'
[2.125s] Level 1:colcon.colcon_core.environment:checking '/root/sistema_solar_ws/src/sistema_solar/install/sistema_solar/lib/python3.10/site-packages'
[2.126s] Level 1:colcon.colcon_core.environment:checking '/root/sistema_solar_ws/src/sistema_solar/install/sistema_solar/bin'
[2.128s] INFO:colcon.colcon_core.shell:Creating package script '/root/sistema_solar_ws/src/sistema_solar/install/sistema_solar/share/sistema_solar/package.ps1'
[2.130s] INFO:colcon.colcon_core.shell:Creating package descriptor '/root/sistema_solar_ws/src/sistema_solar/install/sistema_solar/share/sistema_solar/package.dsv'
[2.131s] INFO:colcon.colcon_core.shell:Creating package script '/root/sistema_solar_ws/src/sistema_solar/install/sistema_solar/share/sistema_solar/package.sh'
[2.132s] INFO:colcon.colcon_core.shell:Creating package script '/root/sistema_solar_ws/src/sistema_solar/install/sistema_solar/share/sistema_solar/package.bash'
[2.134s] INFO:colcon.colcon_core.shell:Creating package script '/root/sistema_solar_ws/src/sistema_solar/install/sistema_solar/share/sistema_solar/package.zsh'
[2.134s] Level 1:colcon.colcon_core.environment:create_file_with_runtime_dependencies(/root/sistema_solar_ws/src/sistema_solar/install/sistema_solar/share/colcon-core/packages/sistema_solar)
[2.163s] Level 1:colcon.colcon_core.environment:create_environment_scripts_only(sistema_solar)
[2.166s] Level 1:colcon.colcon_core.environment:checking '/root/sistema_solar_ws/src/sistema_solar/install/sistema_solar' for CMake module files
[2.167s] Level 1:colcon.colcon_core.environment:checking '/root/sistema_solar_ws/src/sistema_solar/install/sistema_solar' for CMake config files
[2.167s] Level 1:colcon.colcon_core.shell:create_environment_hook('sistema_solar', 'cmake_prefix_path')
[2.169s] INFO:colcon.colcon_core.shell:Creating environment hook '/root/sistema_solar_ws/src/sistema_solar/install/sistema_solar/share/sistema_solar/hook/cmake_prefix_path.ps1'
[2.169s] INFO:colcon.colcon_core.shell:Creating environment descriptor '/root/sistema_solar_ws/src/sistema_solar/install/sistema_solar/share/sistema_solar/hook/cmake_prefix_path.dsv'
[2.170s] INFO:colcon.colcon_core.shell:Creating environment hook '/root/sistema_solar_ws/src/sistema_solar/install/sistema_solar/share/sistema_solar/hook/cmake_prefix_path.sh'
[2.171s] Level 1:colcon.colcon_core.environment:checking '/root/sistema_solar_ws/src/sistema_solar/install/sistema_solar/bin'
[2.171s] Level 1:colcon.colcon_core.environment:checking '/root/sistema_solar_ws/src/sistema_solar/install/sistema_solar/lib/pkgconfig/sistema_solar.pc'
[2.172s] Level 1:colcon.colcon_core.environment:checking '/root/sistema_solar_ws/src/sistema_solar/install/sistema_solar/lib/python3.10/site-packages'
[2.172s] Level 1:colcon.colcon_core.environment:checking '/root/sistema_solar_ws/src/sistema_solar/install/sistema_solar/bin'
[2.175s] INFO:colcon.colcon_core.shell:Creating package script '/root/sistema_solar_ws/src/sistema_solar/install/sistema_solar/share/sistema_solar/package.ps1'
[2.175s] INFO:colcon.colcon_core.shell:Creating package descriptor '/root/sistema_solar_ws/src/sistema_solar/install/sistema_solar/share/sistema_solar/package.dsv'
[2.176s] INFO:colcon.colcon_core.shell:Creating package script '/root/sistema_solar_ws/src/sistema_solar/install/sistema_solar/share/sistema_solar/package.sh'
[2.177s] INFO:colcon.colcon_core.shell:Creating package script '/root/sistema_solar_ws/src/sistema_solar/install/sistema_solar/share/sistema_solar/package.bash'
[2.177s] INFO:colcon.colcon_core.shell:Creating package script '/root/sistema_solar_ws/src/sistema_solar/install/sistema_solar/share/sistema_solar/package.zsh'
[2.178s] Level 1:colcon.colcon_core.environment:create_file_with_runtime_dependencies(/root/sistema_solar_ws/src/sistema_solar/install/sistema_solar/share/colcon-core/packages/sistema_solar)
[2.178s] DEBUG:colcon.colcon_parallel_executor.executor.parallel:closing loop
[2.179s] DEBUG:colcon.colcon_parallel_executor.executor.parallel:loop closed
[2.179s] DEBUG:colcon.colcon_parallel_executor.executor.parallel:run_until_complete finished with '0'
[2.179s] DEBUG:colcon.colcon_core.event_reactor:joining thread
[2.188s] INFO:colcon.colcon_core.plugin_system:Skipping extension 'colcon_notification.desktop_notification.notify_send': Could not find 'notify-send'
[2.188s] INFO:colcon.colcon_core.plugin_system:Skipping extension 'colcon_notification.desktop_notification.terminal_notifier': Not used on non-Darwin systems
[2.188s] INFO:colcon.colcon_core.plugin_system:Skipping extension 'colcon_notification.desktop_notification.win32': Not used on non-Windows systems
[2.188s] INFO:colcon.colcon_notification.desktop_notification:Sending desktop notification using 'notify2'
[2.195s] DEBUG:colcon.colcon_notification.desktop_notification.notify2:Failed to initialize notify2: org.freedesktop.DBus.Error.Spawn.ExecFailed: /usr/bin/dbus-launch terminated abnormally without any error message
[2.196s] DEBUG:colcon.colcon_core.event_reactor:joined thread
[2.199s] INFO:colcon.colcon_core.shell:Creating prefix script '/root/sistema_solar_ws/src/sistema_solar/install/local_setup.ps1'
[2.201s] INFO:colcon.colcon_core.shell:Creating prefix util module '/root/sistema_solar_ws/src/sistema_solar/install/_local_setup_util_ps1.py'
[2.205s] INFO:colcon.colcon_core.shell:Creating prefix chain script '/root/sistema_solar_ws/src/sistema_solar/install/setup.ps1'
[2.208s] INFO:colcon.colcon_core.shell:Creating prefix script '/root/sistema_solar_ws/src/sistema_solar/install/local_setup.sh'
[2.210s] INFO:colcon.colcon_core.shell:Creating prefix util module '/root/sistema_solar_ws/src/sistema_solar/install/_local_setup_util_sh.py'
[2.211s] INFO:colcon.colcon_core.shell:Creating prefix chain script '/root/sistema_solar_ws/src/sistema_solar/install/setup.sh'
[2.215s] INFO:colcon.colcon_core.shell:Creating prefix script '/root/sistema_solar_ws/src/sistema_solar/install/local_setup.bash'
[2.216s] INFO:colcon.colcon_core.shell:Creating prefix chain script '/root/sistema_solar_ws/src/sistema_solar/install/setup.bash'
[2.218s] INFO:colcon.colcon_core.shell:Creating prefix script '/root/sistema_solar_ws/src/sistema_solar/install/local_setup.zsh'
[2.219s] INFO:colcon.colcon_core.shell:Creating prefix chain script '/root/sistema_solar_ws/src/sistema_solar/install/setup.zsh'
