-- The C compiler identification is GNU 11.4.0
-- The CXX compiler identification is GNU 11.4.0
-- Detecting C compiler ABI info
-- Detecting C compiler ABI info - done
-- Check for working C compiler: /usr/bin/cc - skipped
-- Detecting C compile features
-- Detecting C compile features - done
-- Detecting CXX compiler ABI info
-- Detecting CXX compiler ABI info - done
-- Check for working CXX compiler: /usr/bin/c++ - skipped
-- Detecting CXX compile features
-- Detecting CXX compile features - done
-- Found ament_cmake: 1.3.5 (/opt/ros/humble/share/ament_cmake/cmake)
-- Found Python3: /usr/bin/python3.10 (found version "3.10.12") found components: Interpreter 
-- Found ament_lint_auto: 0.12.7 (/opt/ros/humble/share/ament_lint_auto/cmake)
-- Added test 'cppcheck' to perform static code analysis on C / C++ code
-- Configured cppcheck include dirs: 
-- Configured cppcheck exclude dirs and/or files: 
-- Added test 'flake8' to check Python code syntax and style conventions
-- Added test 'lint_cmake' to check CMake code style
-- Added test 'pep257' to check Python code against some of the docstring style conventions in PEP 257
-- Added test 'uncrustify' to check C / C++ code style
-- Configured uncrustify additional arguments: 
-- Added test 'xmllint' to check XML markup files
-- Configuring done
-- Generating done
-- Build files have been written to: /root/sistema_solar_ws/src/sistema_solar/build/sistema_solar
-- Install configuration: ""
-- Installing: /root/sistema_solar_ws/src/sistema_solar/install/sistema_solar/share/ament_index/resource_index/package_run_dependencies/sistema_solar
-- Installing: /root/sistema_solar_ws/src/sistema_solar/install/sistema_solar/share/ament_index/resource_index/parent_prefix_path/sistema_solar
-- Installing: /root/sistema_solar_ws/src/sistema_solar/install/sistema_solar/share/sistema_solar/environment/ament_prefix_path.sh
-- Installing: /root/sistema_solar_ws/src/sistema_solar/install/sistema_solar/share/sistema_solar/environment/ament_prefix_path.dsv
-- Installing: /root/sistema_solar_ws/src/sistema_solar/install/sistema_solar/share/sistema_solar/environment/path.sh
-- Installing: /root/sistema_solar_ws/src/sistema_solar/install/sistema_solar/share/sistema_solar/environment/path.dsv
-- Installing: /root/sistema_solar_ws/src/sistema_solar/install/sistema_solar/share/sistema_solar/local_setup.bash
-- Installing: /root/sistema_solar_ws/src/sistema_solar/install/sistema_solar/share/sistema_solar/local_setup.sh
-- Installing: /root/sistema_solar_ws/src/sistema_solar/install/sistema_solar/share/sistema_solar/local_setup.zsh
-- Installing: /root/sistema_solar_ws/src/sistema_solar/install/sistema_solar/share/sistema_solar/local_setup.dsv
-- Installing: /root/sistema_solar_ws/src/sistema_solar/install/sistema_solar/share/sistema_solar/package.dsv
-- Installing: /root/sistema_solar_ws/src/sistema_solar/install/sistema_solar/share/ament_index/resource_index/packages/sistema_solar
-- Installing: /root/sistema_solar_ws/src/sistema_solar/install/sistema_solar/share/sistema_solar/cmake/sistema_solarConfig.cmake
-- Installing: /root/sistema_solar_ws/src/sistema_solar/install/sistema_solar/share/sistema_solar/cmake/sistema_solarConfig-version.cmake
-- Installing: /root/sistema_solar_ws/src/sistema_solar/install/sistema_solar/share/sistema_solar/package.xml
