[0.072s] Invoking command in '/root/sistema_solar_ws/src/sistema_solar/build/sistema_solar': CMAKE_PREFIX_PATH=${CMAKE_PREFIX_PATH}:/root/catkin_ws/install/ardupilot_dds_tests:/opt/ros/humble /usr/bin/cmake /root/sistema_solar_ws/src/sistema_solar -DCMAKE_INSTALL_PREFIX=/root/sistema_solar_ws/src/sistema_solar/install/sistema_solar
[0.173s] -- The C compiler identification is GNU 11.4.0
[0.263s] -- The CXX compiler identification is GNU 11.4.0
[0.273s] -- Detecting C compiler ABI info
[0.439s] -- Detecting C compiler ABI info - done
[0.458s] -- Check for working C compiler: /usr/bin/cc - skipped
[0.458s] -- Detecting C compile features
[0.458s] -- Detecting C compile features - done
[0.473s] -- Detecting CXX compiler ABI info
[0.653s] -- Detecting CXX compiler ABI info - done
[0.668s] -- Check for working CXX compiler: /usr/bin/c++ - skipped
[0.669s] -- Detecting CXX compile features
[0.669s] -- Detecting CXX compile features - done
[0.676s] -- Found ament_cmake: 1.3.5 (/opt/ros/humble/share/ament_cmake/cmake)
[0.969s] -- Found Python3: /usr/bin/python3.10 (found version "3.10.12") found components: Interpreter 
[1.195s] -- Found ament_lint_auto: 0.12.7 (/opt/ros/humble/share/ament_lint_auto/cmake)
[1.346s] -- Added test 'cppcheck' to perform static code analysis on C / C++ code
[1.346s] -- Configured cppcheck include dirs: 
[1.346s] -- Configured cppcheck exclude dirs and/or files: 
[1.348s] -- Added test 'flake8' to check Python code syntax and style conventions
[1.350s] -- Added test 'lint_cmake' to check CMake code style
[1.353s] -- Added test 'pep257' to check Python code against some of the docstring style conventions in PEP 257
[1.359s] -- Added test 'uncrustify' to check C / C++ code style
[1.359s] -- Configured uncrustify additional arguments: 
[1.360s] -- Added test 'xmllint' to check XML markup files
[1.365s] -- Configuring done
[1.374s] -- Generating done
[1.378s] -- Build files have been written to: /root/sistema_solar_ws/src/sistema_solar/build/sistema_solar
[1.387s] Invoked command in '/root/sistema_solar_ws/src/sistema_solar/build/sistema_solar' returned '0': CMAKE_PREFIX_PATH=${CMAKE_PREFIX_PATH}:/root/catkin_ws/install/ardupilot_dds_tests:/opt/ros/humble /usr/bin/cmake /root/sistema_solar_ws/src/sistema_solar -DCMAKE_INSTALL_PREFIX=/root/sistema_solar_ws/src/sistema_solar/install/sistema_solar
[1.388s] Invoking command in '/root/sistema_solar_ws/src/sistema_solar/build/sistema_solar': CMAKE_PREFIX_PATH=${CMAKE_PREFIX_PATH}:/root/catkin_ws/install/ardupilot_dds_tests:/opt/ros/humble /usr/bin/cmake --build /root/sistema_solar_ws/src/sistema_solar/build/sistema_solar -- -j12 -l12
[1.442s] Invoked command in '/root/sistema_solar_ws/src/sistema_solar/build/sistema_solar' returned '0': CMAKE_PREFIX_PATH=${CMAKE_PREFIX_PATH}:/root/catkin_ws/install/ardupilot_dds_tests:/opt/ros/humble /usr/bin/cmake --build /root/sistema_solar_ws/src/sistema_solar/build/sistema_solar -- -j12 -l12
[1.476s] Invoking command in '/root/sistema_solar_ws/src/sistema_solar/build/sistema_solar': CMAKE_PREFIX_PATH=${CMAKE_PREFIX_PATH}:/root/catkin_ws/install/ardupilot_dds_tests:/opt/ros/humble /usr/bin/cmake --install /root/sistema_solar_ws/src/sistema_solar/build/sistema_solar
[1.484s] -- Install configuration: ""
[1.489s] -- Installing: /root/sistema_solar_ws/src/sistema_solar/install/sistema_solar/share/ament_index/resource_index/package_run_dependencies/sistema_solar
[1.491s] -- Installing: /root/sistema_solar_ws/src/sistema_solar/install/sistema_solar/share/ament_index/resource_index/parent_prefix_path/sistema_solar
[1.492s] -- Installing: /root/sistema_solar_ws/src/sistema_solar/install/sistema_solar/share/sistema_solar/environment/ament_prefix_path.sh
[1.493s] -- Installing: /root/sistema_solar_ws/src/sistema_solar/install/sistema_solar/share/sistema_solar/environment/ament_prefix_path.dsv
[1.494s] -- Installing: /root/sistema_solar_ws/src/sistema_solar/install/sistema_solar/share/sistema_solar/environment/path.sh
[1.495s] -- Installing: /root/sistema_solar_ws/src/sistema_solar/install/sistema_solar/share/sistema_solar/environment/path.dsv
[1.496s] -- Installing: /root/sistema_solar_ws/src/sistema_solar/install/sistema_solar/share/sistema_solar/local_setup.bash
[1.496s] -- Installing: /root/sistema_solar_ws/src/sistema_solar/install/sistema_solar/share/sistema_solar/local_setup.sh
[1.496s] -- Installing: /root/sistema_solar_ws/src/sistema_solar/install/sistema_solar/share/sistema_solar/local_setup.zsh
[1.497s] -- Installing: /root/sistema_solar_ws/src/sistema_solar/install/sistema_solar/share/sistema_solar/local_setup.dsv
[1.497s] -- Installing: /root/sistema_solar_ws/src/sistema_solar/install/sistema_solar/share/sistema_solar/package.dsv
[1.498s] -- Installing: /root/sistema_solar_ws/src/sistema_solar/install/sistema_solar/share/ament_index/resource_index/packages/sistema_solar
[1.500s] -- Installing: /root/sistema_solar_ws/src/sistema_solar/install/sistema_solar/share/sistema_solar/cmake/sistema_solarConfig.cmake
[1.501s] -- Installing: /root/sistema_solar_ws/src/sistema_solar/install/sistema_solar/share/sistema_solar/cmake/sistema_solarConfig-version.cmake
[1.501s] -- Installing: /root/sistema_solar_ws/src/sistema_solar/install/sistema_solar/share/sistema_solar/package.xml
[1.506s] Invoked command in '/root/sistema_solar_ws/src/sistema_solar/build/sistema_solar' returned '0': CMAKE_PREFIX_PATH=${CMAKE_PREFIX_PATH}:/root/catkin_ws/install/ardupilot_dds_tests:/opt/ros/humble /usr/bin/cmake --install /root/sistema_solar_ws/src/sistema_solar/build/sistema_solar
