[0.050s] Invoking command in '/root/sistema_solar_ws/src/sistema_solar/build/sistema_solar': CMAKE_PREFIX_PATH=${CMAKE_PREFIX_PATH}:/root/catkin_ws/install/ardupilot_dds_tests:/opt/ros/humble /usr/bin/cmake --build /root/sistema_solar_ws/src/sistema_solar/build/sistema_solar -- -j12 -l12
[0.102s] Invoked command in '/root/sistema_solar_ws/src/sistema_solar/build/sistema_solar' returned '0': CMAKE_PREFIX_PATH=${CMAKE_PREFIX_PATH}:/root/catkin_ws/install/ardupilot_dds_tests:/opt/ros/humble /usr/bin/cmake --build /root/sistema_solar_ws/src/sistema_solar/build/sistema_solar -- -j12 -l12
[0.155s] Invoking command in '/root/sistema_solar_ws/src/sistema_solar/build/sistema_solar': CMAKE_PREFIX_PATH=${CMAKE_PREFIX_PATH}:/root/catkin_ws/install/ardupilot_dds_tests:/opt/ros/humble /usr/bin/cmake --install /root/sistema_solar_ws/src/sistema_solar/build/sistema_solar
[0.164s] -- Install configuration: ""
[0.164s] -- Up-to-date: /root/sistema_solar_ws/src/sistema_solar/install/sistema_solar/share/ament_index/resource_index/package_run_dependencies/sistema_solar
[0.164s] -- Up-to-date: /root/sistema_solar_ws/src/sistema_solar/install/sistema_solar/share/ament_index/resource_index/parent_prefix_path/sistema_solar
[0.165s] -- Up-to-date: /root/sistema_solar_ws/src/sistema_solar/install/sistema_solar/share/sistema_solar/environment/ament_prefix_path.sh
[0.165s] -- Up-to-date: /root/sistema_solar_ws/src/sistema_solar/install/sistema_solar/share/sistema_solar/environment/ament_prefix_path.dsv
[0.165s] -- Up-to-date: /root/sistema_solar_ws/src/sistema_solar/install/sistema_solar/share/sistema_solar/environment/path.sh
[0.165s] -- Up-to-date: /root/sistema_solar_ws/src/sistema_solar/install/sistema_solar/share/sistema_solar/environment/path.dsv
[0.165s] -- Up-to-date: /root/sistema_solar_ws/src/sistema_solar/install/sistema_solar/share/sistema_solar/local_setup.bash
[0.165s] -- Up-to-date: /root/sistema_solar_ws/src/sistema_solar/install/sistema_solar/share/sistema_solar/local_setup.sh
[0.166s] -- Up-to-date: /root/sistema_solar_ws/src/sistema_solar/install/sistema_solar/share/sistema_solar/local_setup.zsh
[0.166s] -- Up-to-date: /root/sistema_solar_ws/src/sistema_solar/install/sistema_solar/share/sistema_solar/local_setup.dsv
[0.166s] -- Up-to-date: /root/sistema_solar_ws/src/sistema_solar/install/sistema_solar/share/sistema_solar/package.dsv
[0.166s] -- Up-to-date: /root/sistema_solar_ws/src/sistema_solar/install/sistema_solar/share/ament_index/resource_index/packages/sistema_solar
[0.167s] -- Up-to-date: /root/sistema_solar_ws/src/sistema_solar/install/sistema_solar/share/sistema_solar/cmake/sistema_solarConfig.cmake
[0.168s] -- Up-to-date: /root/sistema_solar_ws/src/sistema_solar/install/sistema_solar/share/sistema_solar/cmake/sistema_solarConfig-version.cmake
[0.169s] -- Up-to-date: /root/sistema_solar_ws/src/sistema_solar/install/sistema_solar/share/sistema_solar/package.xml
[0.169s] Invoked command in '/root/sistema_solar_ws/src/sistema_solar/build/sistema_solar' returned '0': CMAKE_PREFIX_PATH=${CMAKE_PREFIX_PATH}:/root/catkin_ws/install/ardupilot_dds_tests:/opt/ros/humble /usr/bin/cmake --install /root/sistema_solar_ws/src/sistema_solar/build/sistema_solar
