running develop
/usr/lib/python3/dist-packages/setuptools/command/easy_install.py:158: EasyInstallDeprecationWarning: easy_install command is deprecated. Use build and pip and other standards-based tools.
  warnings.warn(
/usr/lib/python3/dist-packages/setuptools/command/install.py:34: SetuptoolsDeprecationWarning: setup.py install is deprecated. Use build and pip and other standards-based tools.
  warnings.warn(
running egg_info
writing sensor.egg-info/PKG-INFO
writing dependency_links to sensor.egg-info/dependency_links.txt
writing entry points to sensor.egg-info/entry_points.txt
writing requirements to sensor.egg-info/requires.txt
writing top-level names to sensor.egg-info/top_level.txt
reading manifest file 'sensor.egg-info/SOURCES.txt'
writing manifest file 'sensor.egg-info/SOURCES.txt'
running build_ext
Creating /root/entregavel/install/sensor/lib/python3.10/site-packages/sensor.egg-link (link to .)
Installing calculador script to /root/entregavel/install/sensor/lib/sensor
Installing impressao script to /root/entregavel/install/sensor/lib/sensor
Installing publicador script to /root/entregavel/install/sensor/lib/sensor

Installed /root/entregavel/build/sensor
running install_data
