[1.078s] Invoking command in '/root/entregavel/build/sensor': PYTHONPATH=/root/entregavel/build/sensor/prefix_override:/root/entregavel/install/sensor/lib/python3.10/site-packages:${PYTHONPATH} /usr/bin/python3 setup.py develop --editable --build-directory /root/entregavel/build/sensor/build --no-deps install_data
[1.417s] running develop
[1.418s] /usr/lib/python3/dist-packages/setuptools/command/easy_install.py:158: EasyInstallDeprecationWarning: easy_install command is deprecated. Use build and pip and other standards-based tools.
[1.418s]   warnings.warn(
[1.420s] /usr/lib/python3/dist-packages/setuptools/command/install.py:34: SetuptoolsDeprecationWarning: setup.py install is deprecated. Use build and pip and other standards-based tools.
[1.420s]   warnings.warn(
[1.565s] running egg_info
[1.565s] writing sensor.egg-info/PKG-INFO
[1.566s] writing dependency_links to sensor.egg-info/dependency_links.txt
[1.566s] writing entry points to sensor.egg-info/entry_points.txt
[1.567s] writing requirements to sensor.egg-info/requires.txt
[1.567s] writing top-level names to sensor.egg-info/top_level.txt
[1.570s] reading manifest file 'sensor.egg-info/SOURCES.txt'
[1.570s] writing manifest file 'sensor.egg-info/SOURCES.txt'
[1.572s] running build_ext
[1.572s] Creating /root/entregavel/install/sensor/lib/python3.10/site-packages/sensor.egg-link (link to .)
[1.573s] Installing calculador script to /root/entregavel/install/sensor/lib/sensor
[1.575s] Installing impressao script to /root/entregavel/install/sensor/lib/sensor
[1.575s] Installing publicador script to /root/entregavel/install/sensor/lib/sensor
[1.577s] 
[1.577s] Installed /root/entregavel/build/sensor
[1.577s] running install_data
[1.610s] Invoked command in '/root/entregavel/build/sensor' returned '0': PYTHONPATH=/root/entregavel/build/sensor/prefix_override:/root/entregavel/install/sensor/lib/python3.10/site-packages:${PYTHONPATH} /usr/bin/python3 setup.py develop --editable --build-directory /root/entregavel/build/sensor/build --no-deps install_data
