running develop
running egg_info
creating sensor.egg-info
writing sensor.egg-info/PKG-INFO
writing dependency_links to sensor.egg-info/dependency_links.txt
writing entry points to sensor.egg-info/entry_points.txt
writing requirements to sensor.egg-info/requires.txt
writing top-level names to sensor.egg-info/top_level.txt
writing manifest file 'sensor.egg-info/SOURCES.txt'
reading manifest file 'sensor.egg-info/SOURCES.txt'
writing manifest file 'sensor.egg-info/SOURCES.txt'
running build_ext
Creating /root/entregavel/install/sensor/lib/python3.10/site-packages/sensor.egg-link (link to .)
Installing calculador script to /root/entregavel/install/sensor/lib/sensor
Installing impressao script to /root/entregavel/install/sensor/lib/sensor
Installing publicador script to /root/entregavel/install/sensor/lib/sensor

Installed /root/entregavel/build/sensor
running install_data
creating /root/entregavel/install/sensor/share/ament_index
creating /root/entregavel/install/sensor/share/ament_index/resource_index
creating /root/entregavel/install/sensor/share/ament_index/resource_index/packages
copying resource/sensor -> /root/entregavel/install/sensor/share/ament_index/resource_index/packages
copying package.xml -> /root/entregavel/install/sensor/share/sensor
